Build started 2/14/2018 11:37:58 PM.
     1>Project "C:\Users\Tolga\Desktop\BoulderBlast Modified\BoulderBlast\BoulderBlast\BoulderBlast.vcxproj" on node 2 (Build target(s)).
       Project file contains ToolsVersion="12.0". This toolset may be unknown or missing, in which case you may be able to resolve this by installing the appropriate version of MSBuild, or the build may have been forced to a particular ToolsVersion for policy reasons. Treating the project as if it had ToolsVersion="4.0". For more information, please see http://go.microsoft.com/fwlink/?LinkId=291333.
     1>ClCompile:
         C:\Program Files (x86)\Microsoft Visual Studio 11.0\VC\bin\CL.exe /c /ZI /nologo /W3 /WX- /sdl /Od /Oy- /D WIN32 /D _DEBUG /D _CONSOLE /D _CRT_SECURE_NO_WARNINGS /D GLUT_BUILDING_LIB /D _UNICODE /D UNICODE /Gm /EHsc /RTC1 /MDd /GS /fp:precise /Zc:wchar_t /Zc:forScope /Fo"Debug\\" /Fd"Debug\vc110.pdb" /Gd /TP /analyze- /errorReport:prompt StudentWorld.cpp
         StudentWorld.cpp
       Link:
         C:\Program Files (x86)\Microsoft Visual Studio 11.0\VC\bin\link.exe /ERRORREPORT:PROMPT /OUT:"C:\Users\Tolga\Desktop\BoulderBlast Modified\BoulderBlast\Debug\BoulderBlast.exe" /INCREMENTAL /NOLOGO kernel32.lib user32.lib gdi32.lib winspool.lib comdlg32.lib advapi32.lib shell32.lib ole32.lib oleaut32.lib uuid.lib odbc32.lib odbccp32.lib /MANIFEST /MANIFESTUAC:"level='asInvoker' uiAccess='false'" /manifest:embed /DEBUG /PDB:"C:\Users\Tolga\Desktop\BoulderBlast Modified\BoulderBlast\Debug\BoulderBlast.pdb" /SUBSYSTEM:CONSOLE /TLBID:1 /DYNAMICBASE /NXCOMPAT /IMPLIB:"C:\Users\Tolga\Desktop\BoulderBlast Modified\BoulderBlast\Debug\BoulderBlast.lib" /MACHINE:X86 Debug\Actor.obj
         Debug\Bot.obj
         Debug\Boulder.obj
         Debug\Bullet.obj
         Debug\Exit.obj
         Debug\GameController.obj
         Debug\GameWorld.obj
         Debug\Goodie.obj
         Debug\KleptoBot.obj
         Debug\KleptoBotFactory.obj
         Debug\LivingEntity.obj
         Debug\main.obj
         Debug\Player.obj
         Debug\SnarlBot.obj
         Debug\StudentWorld.obj
         BoulderBlast.vcxproj -> C:\Users\Tolga\Desktop\BoulderBlast Modified\BoulderBlast\Debug\BoulderBlast.exe
     1>Done Building Project "C:\Users\Tolga\Desktop\BoulderBlast Modified\BoulderBlast\BoulderBlast\BoulderBlast.vcxproj" (Build target(s)).

Build succeeded.

Time Elapsed 00:00:01.51
