C:\USERS\CC\DESKTOP\BOULDERBLAST-SKELETON-WINDOWS\BOULDERBLAST\BOULDERBLAST\DEBUG\ACTOR.OBJ
C:\USERS\CC\DESKTOP\BOULDERBLAST-SKELETON-WINDOWS\BOULDERBLAST\BOULDERBLAST\DEBUG\GAMECONTROLLER.OBJ
C:\USERS\CC\DESKTOP\BOULDERBLAST-SKELETON-WINDOWS\BOULDERBLAST\BOULDERBLAST\DEBUG\GAMEWORLD.OBJ
C:\USERS\CC\DESKTOP\BOULDERBLAST-SKELETON-WINDOWS\BOULDERBLAST\BOULDERBLAST\DEBUG\MAIN.OBJ
C:\USERS\CC\DESKTOP\BOULDERBLAST-SKELETON-WINDOWS\BOULDERBLAST\BOULDERBLAST\DEBUG\STUDENTWORLD.OBJ
C:\USERS\CC\DESKTOP\BOULDERBLAST-SKELETON-WINDOWS\BOULDERBLAST\BOULDERBLAST\DEBUG\VC110.PDB
C:\USERS\CC\DESKTOP\BOULDERBLAST-SKELETON-WINDOWS\BOULDERBLAST\DEBUG\BOULDERBLAST.ILK
C:\USERS\CC\DESKTOP\BOULDERBLAST-SKELETON-WINDOWS\BOULDERBLAST\DEBUG\BOULDERBLAST.EXE
C:\USERS\CC\DESKTOP\BOULDERBLAST-SKELETON-WINDOWS\BOULDERBLAST\DEBUG\BOULDERBLAST.PDB
C:\Users\cc\Desktop\BoulderBlast-skeleton-windows\BoulderBlast\BoulderBlast\Debug\Actor.obj
C:\Users\cc\Desktop\BoulderBlast-skeleton-windows\BoulderBlast\BoulderBlast\Debug\GameController.obj
C:\Users\cc\Desktop\BoulderBlast-skeleton-windows\BoulderBlast\BoulderBlast\Debug\GameWorld.obj
C:\Users\cc\Desktop\BoulderBlast-skeleton-windows\BoulderBlast\BoulderBlast\Debug\main.obj
C:\Users\cc\Desktop\BoulderBlast-skeleton-windows\BoulderBlast\BoulderBlast\Debug\StudentWorld.obj
C:\Users\cc\Desktop\BoulderBlast-skeleton-windows\BoulderBlast\BoulderBlast\Debug\cl.command.1.tlog
C:\Users\cc\Desktop\BoulderBlast-skeleton-windows\BoulderBlast\BoulderBlast\Debug\CL.read.1.tlog
C:\Users\cc\Desktop\BoulderBlast-skeleton-windows\BoulderBlast\BoulderBlast\Debug\CL.write.1.tlog
C:\Users\cc\Desktop\BoulderBlast-skeleton-windows\BoulderBlast\BoulderBlast\Debug\link-cvtres.read.1.tlog
C:\Users\cc\Desktop\BoulderBlast-skeleton-windows\BoulderBlast\BoulderBlast\Debug\link-cvtres.write.1.tlog
C:\Users\cc\Desktop\BoulderBlast-skeleton-windows\BoulderBlast\BoulderBlast\Debug\link-rc.read.1.tlog
C:\Users\cc\Desktop\BoulderBlast-skeleton-windows\BoulderBlast\BoulderBlast\Debug\link-rc.write.1.tlog
C:\Users\cc\Desktop\BoulderBlast-skeleton-windows\BoulderBlast\BoulderBlast\Debug\link.command.1.tlog
C:\Users\cc\Desktop\BoulderBlast-skeleton-windows\BoulderBlast\BoulderBlast\Debug\link.read.1.tlog
C:\Users\cc\Desktop\BoulderBlast-skeleton-windows\BoulderBlast\BoulderBlast\Debug\link.write.1.tlog
C:\Users\cc\Desktop\BoulderBlast-skeleton-windows\BoulderBlast\BoulderBlast\Debug\vc110.idb
C:\Users\cc\Desktop\BoulderBlast-skeleton-windows\BoulderBlast\BoulderBlast\Debug\vc110.pdb
C:\Users\cc\Desktop\BoulderBlast-skeleton-windows\BoulderBlast\Debug\BoulderBlast.pdb
C:\Users\cc\Desktop\BoulderBlast-skeleton-windows\BoulderBlast\Debug\BoulderBlast.exe
C:\Users\cc\Desktop\BoulderBlast-skeleton-windows\BoulderBlast\Debug\BoulderBlast.ilk
